<?xml version="1.0" encoding="UTF-8"?>
<!-- Generated by org.testng.reporters.JUnitReportReporter -->
<testsuite hostname="Vaibhavi" failures="0" tests="1" name="Dynamic_elements.FlipKart_Dynamic_Elements" time="7.714" errors="0" timestamp="2022-09-10T16:00:38 IST" skipped="0">
  <testcase classname="Dynamic_elements.FlipKart_Dynamic_Elements" name="dynamicElements" time="7.714"/>
  <system-out/>
</testsuite> <!-- Dynamic_elements.FlipKart_Dynamic_Elements -->
