<?xml version="1.0" encoding="UTF-8"?>
<!-- Generated by org.testng.reporters.JUnitReportReporter -->
<testsuite hostname="Vaibhavi" failures="0" tests="1" name="Dynamic_elements.TestClass" time="8.228" errors="0" timestamp="2022-09-10T16:55:59 IST" skipped="0">
  <testcase classname="Dynamic_elements.TestClass" name="dynamicElements" time="8.228"/>
  <system-out/>
</testsuite> <!-- Dynamic_elements.TestClass -->
