<?xml version="1.0" encoding="UTF-8"?>
<!-- Generated by org.testng.reporters.JUnitReportReporter -->
<testsuite hostname="Vaibhavi" failures="0" tests="1" name="Handling_AutoSuggestions.Amazon1" time="0.148" errors="0" timestamp="2022-08-30T17:56:08 IST" skipped="0">
  <testcase classname="Handling_AutoSuggestions.Amazon1" name="autoSuggestions" time="0.148"/>
  <system-out/>
</testsuite> <!-- Handling_AutoSuggestions.Amazon1 -->
